<!--
  #%L
  histream
  %%
  Copyright (C) 2013 - 2015 R.W.Majeed
  %%
  Licensed under the Apache License, Version 2.0 (the "License");
  you may not use this file except in compliance with the License.
  You may obtain a copy of the License at
  
       http://www.apache.org/licenses/LICENSE-2.0
  
  Unless required by applicable law or agreed to in writing, software
  distributed under the License is distributed on an "AS IS" BASIS,
  WITHOUT WARRANTIES OR CONDITIONS OF ANY KIND, either express or implied.
  See the License for the specific language governing permissions and
  limitations under the License.
  #L%
  -->
<eav-data xmlns="http://sekmi.de/histream/ns/eav-data"
	xmlns:xsi="http://www.w3.org/2001/XMLSchema-instance">
	<!-- TODO namespace xmlns="http://sekmi.de/histream/dwh-eav..." -->
	<!-- chronologisch impliziert, dass der zeitstempel eines nachfolgenden elementes gr��er als alle vorangehenden elemente sein muss. Der Zeitstempel kann vor dem Encounter-Start liegen -->
	<meta>
		<!-- Zeitpunkt, an dem der Export erstellt wurde bzw. Datenstand -->
		<etl strategy="replace-visit" />
		<source timestamp="2015-04-21T08:58:00" id="test"/>
		
		<!-- weitere metadaten n�tig? wertebereich, datentypen, ontologie, ...? -->
	</meta>
	<patient id="XX12345">
		<surname>Dampf</surname>
		<names>A</names>
		<birthdate>2001-01-01</birthdate>
		<deathdate>2020</deathdate>
		<sex>F</sex>
		<encounter id="XXE12345">
			<start>2014-01-01T10:30:00</start>
			<end>2014-01-05T10:30:00</end>
			<location>Zuhause</location>
			<!-- TODO inpatient/outpatient -->
			<provider>xxxa</provider>
			<!-- test parsing of data types -->
			<fact concept="source1"><value xsi:type="string">1</value></fact>
			<fact concept="source1"><value xsi:type="string">2</value></fact>
			<fact concept="source2"><value xsi:type="string">1</value></fact>
			<fact concept="source3"><value xsi:type="string">1</value></fact>
			<fact concept="source3"><value xsi:type="string">2</value></fact>
			<fact concept="source3"><value xsi:type="string">99</value></fact>
		</encounter>
	</patient>
	<!-- weitere zeitstempel -->
	
</eav-data>
