<?xml version="1.0" encoding="UTF-8"?>
<datasource version="1.0" xmlns:xsi="http://www.w3.org/2001/XMLSchema-instance" >
	<meta>
		<etl-strategy>replace-source</etl-strategy>
		<source-id>test-1</source-id>
	</meta>
	<!-- erstmal weglassen -->
	<transformations>
		<xml-source url="xxxx.xml">
			<transform with="a.xslt" to="lala.txt" />
			<transform with="b.xslt" to="dddd.txt" />
		</xml-source>
	</transformations>

	<!-- 
	<value-mappings>
		<map id="geschlecht">
			<value from="M" to="M" />
			<value from="W" to="F" /> 
		</map>
	</value-mappings>
	 -->
	 
	<patient-table>
        <source xsi:type="fileSource">
            <url>file:src/test/resources/test-1-patients.txt</url>
            <separator>\t</separator>
        </source>
		<idat>
			<patient-id>patid</patient-id>
			<firstname>vorname</firstname>
			<surname>nachname</surname>
			<birthdate format="d.M.u">geburtsdatum</birthdate>
			<deathdate format="d.M.u">verstorben</deathdate>
			<gender>geschlecht</gender>
			<ignore xsi:type="string">ignoriert1</ignore>
			<ignore xsi:type="string">patfakt1</ignore>
		</idat>		
	</patient-table>
	<!-- optional -->
	<visit-table>
        <source xsi:type="fileSource">
            <url>file:src/test/resources/test-1-visits.txt</url>
            <type>text/csv</type>
			<separator>\t</separator>
        </source>
		<idat>
			<patient-id>patid</patient-id>
			<visit-id>fallnr</visit-id>
			<start format="d.M.u[ H[:m[:s]]]" na="@" truncate-to="year">start</start>
			<end format="d.M.u[ H[:m[:s]]]">end</end>
		</idat>
		<mdat>
			<!-- in/out code -->
			<concept id="weight">
				<value xsi:type="string">gewicht</value>
				<start>start</start>
			</concept>
		</mdat>
	</visit-table>
	
	<wide-table>
        <source xsi:type="fileSource">
            <url>file:src/test/resources/test-1-widetable.txt</url>
			<separator>\t</separator>
        </source>
		<idat>
			<patient-id>patid</patient-id>
			<visit-id>fallnr</visit-id>
		</idat>
		<mdat>
			<concept id="natrium">
				<!-- TODO implement numeric columns -->
				<value xsi:type="decimal">na</value>
				<start format="d.M.u[ H[:m[:s]]]">zeitpunkt</start>
				<unit constant-value="mmol/l" />
				<modifier id="other">
					<value xsi:type="string" constant-value=""/>
				</modifier>
			</concept>
		</mdat>
		..
	</wide-table>

</datasource>
